Arguments: 
  /home/zshmeta/.config/nvm/versions/node/v18.18.2/bin/node /home/linuxbrew/.linuxbrew/Cellar/yarn/1.22.19/libexec/bin/yarn.js add prettier vitest

PATH: 
  /home/zshmeta//.config/nvm/versions/node/v18.18.2/bin:/home/zshmeta//.local/npm-bin/bin:/home/zshmeta//.local/npm-bin/bin:/home/zshmeta//.nix-profile/bin:/nix/var/nix/profiles/default/bin:/home/zshmeta//.nix-profile/bin:/home/linuxbrew/.linuxbrew/bin/:/home/zshmeta//.local/npm-global/bin:/home/zshmeta//.local/node-global/bin:/home/zshmeta//.local/lib/python3.10/bin:/usr/share/bin:/usr/share/sbin:/home/zshmeta//.local/share/bin:/home/zshmeta//.local/bin:/usr/local/bin:/usr/local/sbin:/usr/bin:/usr/sbin:/bin:/sbin:/home/zshmeta//.nix-profile/bin:/nix/var/nix/profiles/default/bin:/home/zshmeta//.nix-profile/bin:/home/linuxbrew/.linuxbrew/bin/:/home/zshmeta//.local/npm-global/bin:/home/zshmeta//.local/node-global/bin:/home/zshmeta//.local/lib/python3.10/bin:/usr/share/bin:/usr/share/sbin:/home/zshmeta//.local/share/bin:/home/zshmeta//.local/bin:/usr/local/bin:/usr/local/sbin:/usr/bin:/usr/sbin:/bin:/sbin:/usr/local/sbin:/usr/local/bin:/usr/bin:/home/zshmeta//.dotnet/tools:/usr/lib/jvm/default/bin:/usr/bin/site_perl:/usr/bin/vendor_perl:/usr/bin/core_perl:/home/zshmeta/bin

Yarn version: 
  1.22.19

Node version: 
  18.18.2

Platform: 
  linux x64

Trace: 
  SyntaxError: /home/zshmeta/zshmeact/node_modules/zshmeact/templates/vite-zshmeact/package.json: Unexpected token } in JSON at position 546
      at JSON.parse (<anonymous>)
      at /home/linuxbrew/.linuxbrew/Cellar/yarn/1.22.19/libexec/lib/cli.js:1629:59
      at Generator.next (<anonymous>)
      at step (/home/linuxbrew/.linuxbrew/Cellar/yarn/1.22.19/libexec/lib/cli.js:310:30)
      at /home/linuxbrew/.linuxbrew/Cellar/yarn/1.22.19/libexec/lib/cli.js:321:13

npm manifest: 
  {
    "name": "vite-zshmeact",
    "private": false,
    "version": "1.0.0",
    "type": "module",
    "scripts": {
      "dev": "vite",
      "build": "vite build",
      "lint": "eslint src --ext js,jsx --report-unused-disable-directives --max-warnings 0",
      "preview": "vite preview"
    },
    "dependencies": {
      "@vitejs/plugin-react": "^4.0.0",
      "compomerci": "^3.0.0",
      "css-modules": "^0.3.0",
      "react": "^18.2.0",
      "react-dom": "^18.2.0",
      "scss": "^0.2.4",
      "styled-components": "^5.3.11",
      "vite-plugin-live-reload": "^3.0.2",
    },
    "devDependencies": {
      "@vitejs/plugin-react-swc": "^3.0.0",
      "eslint": "^8.38.0",
      "eslint-plugin-react": "^7.32.2",
      "eslint-plugin-react-hooks": "^4.6.0",
      "eslint-plugin-react-refresh": "^0.3.4",
      "vite": "^4.3.9"
    },
    "description": "##### ...by zshmeta",
    "main": "vite.config.js",
    "directories": {
      "test": "tests"
    },
    "repository": {
      "type": "git",
      "url": "git+https://github.com/zshmeta/vite-zshmeact.git"
    },
    "keywords": [
      "React",
      "Vite",
      "Starter"
    ],
    "author": "zshmeta",
    "license": "MIT",
    "bugs": {
      "url": "https://github.com/zshmeta/vite-zshmeact/issues"
    },
    "homepage": "https://github.com/zshmeta/vite-zshmeact#readme"
  }

yarn manifest: 
  No manifest

Lockfile: 
  No lockfile
